<?xml version="1.0" encoding="UTF-8"?>
<!-- Generated by org.testng.reporters.JUnitReportReporter -->
<testsuite hostname="BikramKesharis-Mac-mini.local" failures="0" tests="12" name="com.akhilsystem_release.test.emr.VisitWiseWebpart" time="107.856" errors="0" timestamp="2024-07-04T09:55:05 IST" skipped="0">
  <testcase classname="com.akhilsystem_release.test.emr.VisitWiseWebpart" name="openAppointment" time="8.998"/>
  <system-out/>
  <testcase classname="com.akhilsystem_release.test.emr.VisitWiseWebpart" name="firstDoctor" time="17.753"/>
  <system-out/>
  <testcase classname="com.akhilsystem_release.test.emr.VisitWiseWebpart" name="secondDoctor" time="13.960"/>
  <system-out/>
  <testcase classname="com.akhilsystem_release.test.emr.VisitWiseWebpart" name="thirdDoctor" time="13.983"/>
  <system-out/>
  <testcase classname="com.akhilsystem_release.test.emr.VisitWiseWebpart" name="closeAppointment" time="3.103"/>
  <system-out/>
  <testcase classname="com.akhilsystem_release.test.emr.VisitWiseWebpart" name="fstDoctorLogin" time="10.787"/>
  <system-out/>
  <testcase classname="com.akhilsystem_release.test.emr.VisitWiseWebpart" name="fillFstDoctorData" time="7.230"/>
  <system-out/>
  <testcase classname="com.akhilsystem_release.test.emr.VisitWiseWebpart" name="sndDoctorLogin" time="10.250"/>
  <system-out/>
  <testcase classname="com.akhilsystem_release.test.emr.VisitWiseWebpart" name="verifyFstDoctorData" time="4.210"/>
  <system-out/>
  <testcase classname="com.akhilsystem_release.test.emr.VisitWiseWebpart" name="fillSndDoctorData" time="3.015"/>
  <system-out/>
  <testcase classname="com.akhilsystem_release.test.emr.VisitWiseWebpart" name="trdDoctorLogin" time="10.322"/>
  <system-out/>
  <testcase classname="com.akhilsystem_release.test.emr.VisitWiseWebpart" name="verifySndDoctorData" time="4.245"/>
  <system-out/>
</testsuite> <!-- com.akhilsystem_release.test.emr.VisitWiseWebpart -->
