<?xml version="1.0" encoding="UTF-8"?>
<!-- Generated by org.testng.reporters.JUnitReportReporter -->
<testsuite hostname="BikramKesharis-Mac-mini.local" failures="0" tests="12" name="com.akhilsystem_release.test.emr.VisitWiseWebpart" time="108.546" errors="0" timestamp="2024-07-03T10:25:57 IST" skipped="0">
  <testcase classname="com.akhilsystem_release.test.emr.VisitWiseWebpart" name="openAppointment" time="9.367"/>
  <system-out/>
  <testcase classname="com.akhilsystem_release.test.emr.VisitWiseWebpart" name="firstDoctor" time="18.630"/>
  <system-out/>
  <testcase classname="com.akhilsystem_release.test.emr.VisitWiseWebpart" name="secondDoctor" time="14.090"/>
  <system-out/>
  <testcase classname="com.akhilsystem_release.test.emr.VisitWiseWebpart" name="thirdDoctor" time="13.883"/>
  <system-out/>
  <testcase classname="com.akhilsystem_release.test.emr.VisitWiseWebpart" name="closeAppointment" time="3.062"/>
  <system-out/>
  <testcase classname="com.akhilsystem_release.test.emr.VisitWiseWebpart" name="fstDoctorLogin" time="11.626"/>
  <system-out/>
  <testcase classname="com.akhilsystem_release.test.emr.VisitWiseWebpart" name="fillFstDoctorData" time="6.653"/>
  <system-out/>
  <testcase classname="com.akhilsystem_release.test.emr.VisitWiseWebpart" name="sndDoctorLogin" time="10.103"/>
  <system-out/>
  <testcase classname="com.akhilsystem_release.test.emr.VisitWiseWebpart" name="verifyFstDoctorData" time="4.249"/>
  <system-out/>
  <testcase classname="com.akhilsystem_release.test.emr.VisitWiseWebpart" name="fillSndDoctorData" time="2.997"/>
  <system-out/>
  <testcase classname="com.akhilsystem_release.test.emr.VisitWiseWebpart" name="trdDoctorLogin" time="10.128"/>
  <system-out/>
  <testcase classname="com.akhilsystem_release.test.emr.VisitWiseWebpart" name="verifySndDoctorData" time="3.758"/>
  <system-out/>
</testsuite> <!-- com.akhilsystem_release.test.emr.VisitWiseWebpart -->
