<?xml version="1.0" encoding="UTF-8"?>
<!-- Generated by org.testng.reporters.JUnitReportReporter -->
<testsuite hostname="BikramKesharis-Mac-mini.local" failures="0" tests="7" name="com.akhilsystem_release.test.emr.DoctorAssign" time="68.049" errors="0" timestamp="2024-06-28T14:20:50 IST" skipped="0">
  <testcase classname="com.akhilsystem_release.test.emr.DoctorAssign" name="openAppointment" time="8.829"/>
  <system-out/>
  <testcase classname="com.akhilsystem_release.test.emr.DoctorAssign" name="fstDoctorAppointment" time="16.015"/>
  <system-out/>
  <testcase classname="com.akhilsystem_release.test.emr.DoctorAssign" name="closeAppointment" time="3.078"/>
  <system-out/>
  <testcase classname="com.akhilsystem_release.test.emr.DoctorAssign" name="fstDoctorLogin" time="21.613"/>
  <system-out/>
  <testcase classname="com.akhilsystem_release.test.emr.DoctorAssign" name="assignToDoctor" time="3.124"/>
  <system-out/>
  <testcase classname="com.akhilsystem_release.test.emr.DoctorAssign" name="assignedDocLogin" time="11.157"/>
  <system-out/>
  <testcase classname="com.akhilsystem_release.test.emr.DoctorAssign" name="verifySndDoctorData" time="4.233"/>
  <system-out/>
</testsuite> <!-- com.akhilsystem_release.test.emr.DoctorAssign -->
