<?xml version="1.0" encoding="UTF-8"?>
<!-- Generated by org.testng.reporters.JUnitReportReporter -->
<testsuite hostname="BikramKarisMini" failures="0" tests="12" name="com.akhilsystem_release.test.emr.VisitWiseWebpart" time="107.224" errors="0" timestamp="2024-07-15T10:35:30 IST" skipped="0">
  <testcase classname="com.akhilsystem_release.test.emr.VisitWiseWebpart" name="openAppointment" time="9.355"/>
  <system-out/>
  <testcase classname="com.akhilsystem_release.test.emr.VisitWiseWebpart" name="firstDoctor" time="19.084"/>
  <system-out/>
  <testcase classname="com.akhilsystem_release.test.emr.VisitWiseWebpart" name="secondDoctor" time="13.638"/>
  <system-out/>
  <testcase classname="com.akhilsystem_release.test.emr.VisitWiseWebpart" name="thirdDoctor" time="13.639"/>
  <system-out/>
  <testcase classname="com.akhilsystem_release.test.emr.VisitWiseWebpart" name="closeAppointment" time="3.067"/>
  <system-out/>
  <testcase classname="com.akhilsystem_release.test.emr.VisitWiseWebpart" name="fstDoctorLogin" time="11.136"/>
  <system-out/>
  <testcase classname="com.akhilsystem_release.test.emr.VisitWiseWebpart" name="fillFstDoctorData" time="5.939"/>
  <system-out/>
  <testcase classname="com.akhilsystem_release.test.emr.VisitWiseWebpart" name="sndDoctorLogin" time="10.095"/>
  <system-out/>
  <testcase classname="com.akhilsystem_release.test.emr.VisitWiseWebpart" name="verifyFstDoctorData" time="4.178"/>
  <system-out/>
  <testcase classname="com.akhilsystem_release.test.emr.VisitWiseWebpart" name="fillSndDoctorData" time="2.859"/>
  <system-out/>
  <testcase classname="com.akhilsystem_release.test.emr.VisitWiseWebpart" name="trdDoctorLogin" time="10.104"/>
  <system-out/>
  <testcase classname="com.akhilsystem_release.test.emr.VisitWiseWebpart" name="verifySndDoctorData" time="4.130"/>
  <system-out/>
</testsuite> <!-- com.akhilsystem_release.test.emr.VisitWiseWebpart -->
