<?xml version="1.0" encoding="UTF-8"?>
<!-- Generated by org.testng.reporters.JUnitReportReporter -->
<testsuite hostname="BikramKesharis-Mac-mini.local" failures="0" tests="12" name="com.akhilsystem_release.test.emr.VisitWiseWebpart" time="104.464" errors="0" timestamp="2024-07-05T11:28:01 IST" skipped="0">
  <testcase classname="com.akhilsystem_release.test.emr.VisitWiseWebpart" name="openAppointment" time="8.337"/>
  <system-out/>
  <testcase classname="com.akhilsystem_release.test.emr.VisitWiseWebpart" name="firstDoctor" time="18.250"/>
  <system-out/>
  <testcase classname="com.akhilsystem_release.test.emr.VisitWiseWebpart" name="secondDoctor" time="14.253"/>
  <system-out/>
  <testcase classname="com.akhilsystem_release.test.emr.VisitWiseWebpart" name="thirdDoctor" time="14.014"/>
  <system-out/>
  <testcase classname="com.akhilsystem_release.test.emr.VisitWiseWebpart" name="closeAppointment" time="3.076"/>
  <system-out/>
  <testcase classname="com.akhilsystem_release.test.emr.VisitWiseWebpart" name="fstDoctorLogin" time="10.638"/>
  <system-out/>
  <testcase classname="com.akhilsystem_release.test.emr.VisitWiseWebpart" name="fillFstDoctorData" time="6.291"/>
  <system-out/>
  <testcase classname="com.akhilsystem_release.test.emr.VisitWiseWebpart" name="sndDoctorLogin" time="9.609"/>
  <system-out/>
  <testcase classname="com.akhilsystem_release.test.emr.VisitWiseWebpart" name="verifyFstDoctorData" time="3.715"/>
  <system-out/>
  <testcase classname="com.akhilsystem_release.test.emr.VisitWiseWebpart" name="fillSndDoctorData" time="2.937"/>
  <system-out/>
  <testcase classname="com.akhilsystem_release.test.emr.VisitWiseWebpart" name="trdDoctorLogin" time="9.617"/>
  <system-out/>
  <testcase classname="com.akhilsystem_release.test.emr.VisitWiseWebpart" name="verifySndDoctorData" time="3.727"/>
  <system-out/>
</testsuite> <!-- com.akhilsystem_release.test.emr.VisitWiseWebpart -->
