<?xml version="1.0" encoding="UTF-8"?>
<!-- Generated by org.testng.reporters.JUnitReportReporter -->
<testsuite hostname="BikramKesharis-Mac-mini.local" failures="2" tests="10" name="com.akhilsystem_release.test.emr.DoctorAssign" time="88.355" errors="0" timestamp="2024-07-09T11:37:26 IST" skipped="0">
  <testcase classname="com.akhilsystem_release.test.emr.DoctorAssign" name="openAppointment" time="8.362"/>
  <system-out>
    <![CDATA[DoctorAssign test start]]>
  </system-out>
  <testcase classname="com.akhilsystem_release.test.emr.DoctorAssign" name="fstDoctorAppointment" time="14.786"/>
  <system-out/>
  <testcase classname="com.akhilsystem_release.test.emr.DoctorAssign" name="closeAppointment" time="3.081"/>
  <system-out/>
  <testcase classname="com.akhilsystem_release.test.emr.DoctorAssign" name="fstDoctorLogin" time="19.573"/>
  <system-out/>
  <testcase classname="com.akhilsystem_release.test.emr.DoctorAssign" name="assignToDoctor" time="3.125"/>
  <system-out/>
  <testcase classname="com.akhilsystem_release.test.emr.DoctorAssign" name="assignedDocLogin" time="9.654"/>
  <system-out/>
  <testcase classname="com.akhilsystem_release.test.emr.DoctorAssign" name="verifySndDoctorData" time="2.796">
    <failure message="expected [208506] but found [265956]" type="java.lang.AssertionError">
      <![CDATA[java.lang.AssertionError: expected [208506] but found [265956]
at org.testng.Assert.fail(Assert.java:110)
at org.testng.Assert.failNotEquals(Assert.java:1577)
at org.testng.Assert.assertEqualsImpl(Assert.java:149)
at org.testng.Assert.assertEquals(Assert.java:131)
at org.testng.Assert.assertEquals(Assert.java:655)
at org.testng.Assert.assertEquals(Assert.java:665)
at com.akhilsystem_release.test.emr.DoctorAssign.verifySndDoctorData(DoctorAssign.java:152)
at java.base/jdk.internal.reflect.DirectMethodHandleAccessor.invoke(DirectMethodHandleAccessor.java:103)
at java.base/java.lang.reflect.Method.invoke(Method.java:580)
at org.testng.internal.invokers.MethodInvocationHelper.invokeMethod(MethodInvocationHelper.java:139)
at org.testng.internal.invokers.TestInvoker.invokeMethod(TestInvoker.java:677)
at org.testng.internal.invokers.TestInvoker.invokeTestMethod(TestInvoker.java:221)
at org.testng.internal.invokers.MethodRunner.runInSequence(MethodRunner.java:50)
at org.testng.internal.invokers.TestInvoker$MethodInvocationAgent.invoke(TestInvoker.java:969)
at org.testng.internal.invokers.TestInvoker.invokeTestMethods(TestInvoker.java:194)
at org.testng.internal.invokers.TestMethodWorker.invokeTestMethods(TestMethodWorker.java:148)
at org.testng.internal.invokers.TestMethodWorker.run(TestMethodWorker.java:128)
at java.base/java.util.ArrayList.forEach(ArrayList.java:1596)
at org.testng.TestRunner.privateRun(TestRunner.java:829)
at org.testng.TestRunner.run(TestRunner.java:602)
at org.testng.SuiteRunner.runTest(SuiteRunner.java:437)
at org.testng.SuiteRunner.runSequentially(SuiteRunner.java:431)
at org.testng.SuiteRunner.privateRun(SuiteRunner.java:391)
at org.testng.SuiteRunner.run(SuiteRunner.java:330)
at org.testng.SuiteRunnerWorker.runSuite(SuiteRunnerWorker.java:52)
at org.testng.SuiteRunnerWorker.run(SuiteRunnerWorker.java:95)
at org.testng.TestNG.runSuitesSequentially(TestNG.java:1256)
at org.testng.TestNG.runSuitesLocally(TestNG.java:1176)
at org.testng.TestNG.runSuites(TestNG.java:1099)
at org.testng.TestNG.run(TestNG.java:1067)
at com.akhilsystem_release.test.emr.TestRunner.main(TestRunner.java:49)
]]>
    </failure>
  </testcase> <!-- verifySndDoctorData -->
  <system-out/>
  <testcase classname="com.akhilsystem_release.test.emr.DoctorAssign" name="assignDocData" time="12.221"/>
  <system-out/>
  <testcase classname="com.akhilsystem_release.test.emr.DoctorAssign" name="loginFstDoc" time="11.655"/>
  <system-out/>
  <testcase classname="com.akhilsystem_release.test.emr.DoctorAssign" name="varifySndDocData" time="3.102">
    <failure message="expected [736542] but found [265956]" type="java.lang.AssertionError">
      <![CDATA[java.lang.AssertionError: expected [736542] but found [265956]
at org.testng.Assert.fail(Assert.java:110)
at org.testng.Assert.failNotEquals(Assert.java:1577)
at org.testng.Assert.assertEqualsImpl(Assert.java:149)
at org.testng.Assert.assertEquals(Assert.java:131)
at org.testng.Assert.assertEquals(Assert.java:655)
at org.testng.Assert.assertEquals(Assert.java:665)
at com.akhilsystem_release.test.emr.DoctorAssign.varifySndDocData(DoctorAssign.java:187)
at java.base/jdk.internal.reflect.DirectMethodHandleAccessor.invoke(DirectMethodHandleAccessor.java:103)
at java.base/java.lang.reflect.Method.invoke(Method.java:580)
at org.testng.internal.invokers.MethodInvocationHelper.invokeMethod(MethodInvocationHelper.java:139)
at org.testng.internal.invokers.TestInvoker.invokeMethod(TestInvoker.java:677)
at org.testng.internal.invokers.TestInvoker.invokeTestMethod(TestInvoker.java:221)
at org.testng.internal.invokers.MethodRunner.runInSequence(MethodRunner.java:50)
at org.testng.internal.invokers.TestInvoker$MethodInvocationAgent.invoke(TestInvoker.java:969)
at org.testng.internal.invokers.TestInvoker.invokeTestMethods(TestInvoker.java:194)
at org.testng.internal.invokers.TestMethodWorker.invokeTestMethods(TestMethodWorker.java:148)
at org.testng.internal.invokers.TestMethodWorker.run(TestMethodWorker.java:128)
at java.base/java.util.ArrayList.forEach(ArrayList.java:1596)
at org.testng.TestRunner.privateRun(TestRunner.java:829)
at org.testng.TestRunner.run(TestRunner.java:602)
at org.testng.SuiteRunner.runTest(SuiteRunner.java:437)
at org.testng.SuiteRunner.runSequentially(SuiteRunner.java:431)
at org.testng.SuiteRunner.privateRun(SuiteRunner.java:391)
at org.testng.SuiteRunner.run(SuiteRunner.java:330)
at org.testng.SuiteRunnerWorker.runSuite(SuiteRunnerWorker.java:52)
at org.testng.SuiteRunnerWorker.run(SuiteRunnerWorker.java:95)
at org.testng.TestNG.runSuitesSequentially(TestNG.java:1256)
at org.testng.TestNG.runSuitesLocally(TestNG.java:1176)
at org.testng.TestNG.runSuites(TestNG.java:1099)
at org.testng.TestNG.run(TestNG.java:1067)
at com.akhilsystem_release.test.emr.TestRunner.main(TestRunner.java:49)
]]>
    </failure>
  </testcase> <!-- varifySndDocData -->
  <system-out/>
</testsuite> <!-- com.akhilsystem_release.test.emr.DoctorAssign -->
