<?xml version="1.0" encoding="UTF-8"?>
<!-- Generated by org.testng.reporters.JUnitReportReporter -->
<testsuite hostname="BikramKarisMini" failures="0" tests="12" name="com.akhilsystem_release.test.emr.VisitWiseWebpart" time="106.408" errors="0" timestamp="2024-07-15T10:42:28 IST" skipped="0">
  <testcase classname="com.akhilsystem_release.test.emr.VisitWiseWebpart" name="openAppointment" time="9.341"/>
  <system-out/>
  <testcase classname="com.akhilsystem_release.test.emr.VisitWiseWebpart" name="firstDoctor" time="18.095"/>
  <system-out/>
  <testcase classname="com.akhilsystem_release.test.emr.VisitWiseWebpart" name="secondDoctor" time="14.213"/>
  <system-out/>
  <testcase classname="com.akhilsystem_release.test.emr.VisitWiseWebpart" name="thirdDoctor" time="13.703"/>
  <system-out/>
  <testcase classname="com.akhilsystem_release.test.emr.VisitWiseWebpart" name="closeAppointment" time="3.071"/>
  <system-out/>
  <testcase classname="com.akhilsystem_release.test.emr.VisitWiseWebpart" name="fstDoctorLogin" time="10.625"/>
  <system-out/>
  <testcase classname="com.akhilsystem_release.test.emr.VisitWiseWebpart" name="fillFstDoctorData" time="5.980"/>
  <system-out/>
  <testcase classname="com.akhilsystem_release.test.emr.VisitWiseWebpart" name="sndDoctorLogin" time="10.098"/>
  <system-out/>
  <testcase classname="com.akhilsystem_release.test.emr.VisitWiseWebpart" name="verifyFstDoctorData" time="4.129"/>
  <system-out/>
  <testcase classname="com.akhilsystem_release.test.emr.VisitWiseWebpart" name="fillSndDoctorData" time="2.867"/>
  <system-out/>
  <testcase classname="com.akhilsystem_release.test.emr.VisitWiseWebpart" name="trdDoctorLogin" time="10.106"/>
  <system-out/>
  <testcase classname="com.akhilsystem_release.test.emr.VisitWiseWebpart" name="verifySndDoctorData" time="4.180"/>
  <system-out/>
</testsuite> <!-- com.akhilsystem_release.test.emr.VisitWiseWebpart -->
