<?xml version="1.0" encoding="UTF-8"?>
<!-- Generated by org.testng.reporters.JUnitReportReporter -->
<testsuite hostname="BikramKesharis-Mac-mini.local" failures="0" tests="7" name="com.akhilsystem_release.test.emr.DoctorAssign" time="65.307" errors="0" timestamp="2024-06-28T12:02:48 IST" skipped="0">
  <testcase classname="com.akhilsystem_release.test.emr.DoctorAssign" name="openAppointment" time="8.849"/>
  <system-out/>
  <testcase classname="com.akhilsystem_release.test.emr.DoctorAssign" name="fstDoctorAppointment" time="15.390"/>
  <system-out/>
  <testcase classname="com.akhilsystem_release.test.emr.DoctorAssign" name="closeAppointment" time="3.079"/>
  <system-out/>
  <testcase classname="com.akhilsystem_release.test.emr.DoctorAssign" name="fstDoctorLogin" time="20.349"/>
  <system-out/>
  <testcase classname="com.akhilsystem_release.test.emr.DoctorAssign" name="assignToDoctor" time="3.131"/>
  <system-out/>
  <testcase classname="com.akhilsystem_release.test.emr.DoctorAssign" name="assignedDocLogin" time="10.140"/>
  <system-out/>
  <testcase classname="com.akhilsystem_release.test.emr.DoctorAssign" name="verifySndDoctorData" time="4.369"/>
  <system-out/>
</testsuite> <!-- com.akhilsystem_release.test.emr.DoctorAssign -->
